<?xml version="1.0" encoding="UTF-8"?>
<testsuite name="ru.stqa.pft.addressbook.tests.ContactCreationTest" tests="1" skipped="0" failures="0" errors="0" timestamp="2018-12-27T16:12:51" hostname="LAPTOP-ABB9L5MJ" time="1.154">
  <properties/>
  <testcase name="testContactCreation" classname="ru.stqa.pft.addressbook.tests.ContactCreationTest" time="1.154"/>
  <system-out><![CDATA[]]></system-out>
  <system-err><![CDATA[]]></system-err>
</testsuite>
